2018-03-31T07:16:55.556Z - error: uncaughtException: missing ) after argument list date=Sat Mar 31 2018 15:16:53 GMT+0800 (CST), pid=15134, uid=1000, gid=1000, cwd=/home/spark/tcdbWebsite, execPath=/home/spark/node-v4.4.7-linux-x64/bin/node, version=v4.4.7, argv=[/home/spark/node-v4.4.7-linux-x64/bin/node, /home/spark/tcdbWebsite/app], rss=52240384, heapTotal=54841696, heapUsed=23807112, loadavg=[1.365234375, 0.72265625, 0.39013671875], uptime=262633, trace=[column=16, file=vm.js, function=exports.runInThisContext, line=53, method=runInThisContext, native=false, column=25, file=module.js, function=Module._compile, line=373, method=_compile, native=false, column=10, file=module.js, function=Object.Module._extensions..js, line=416, method=Module._extensions..js, native=false, column=32, file=module.js, function=Module.load, line=343, method=load, native=false, column=12, file=module.js, function=Function.Module._load, line=300, method=Module._load, native=false, column=17, file=module.js, function=Module.require, line=353, method=require, native=false, column=17, file=internal/module.js, function=require, line=12, method=null, native=false, column=1, file=/home/spark/tcdbWebsite/app.js, function=, line=44, method=null, native=false, column=26, file=module.js, function=Module._compile, line=409, method=_compile, native=false, column=10, file=module.js, function=Object.Module._extensions..js, line=416, method=Module._extensions..js, native=false, column=32, file=module.js, function=Module.load, line=343, method=load, native=false, column=12, file=module.js, function=Function.Module._load, line=300, method=Module._load, native=false, column=10, file=module.js, function=Function.Module.runMain, line=441, method=Module.runMain, native=false, column=18, file=node.js, function=startup, line=139, method=null, native=false, column=3, file=node.js, function=null, line=968, method=null, native=false], stack=[SyntaxError: missing ) after argument list,     at exports.runInThisContext (vm.js:53:16),     at Module._compile (module.js:373:25),     at Object.Module._extensions..js (module.js:416:10),     at Module.load (module.js:343:32),     at Function.Module._load (module.js:300:12),     at Module.require (module.js:353:17),     at require (internal/module.js:12:17),     at Object.<anonymous> (/home/spark/tcdbWebsite/app.js:44:1),     at Module._compile (module.js:409:26),     at Object.Module._extensions..js (module.js:416:10),     at Module.load (module.js:343:32),     at Function.Module._load (module.js:300:12),     at Function.Module.runMain (module.js:441:10),     at startup (node.js:139:18),     at node.js:968:3]
2018-03-31T07:18:52.933Z - error: uncaughtException: missing ) after argument list date=Sat Mar 31 2018 15:18:52 GMT+0800 (CST), pid=15204, uid=0, gid=0, cwd=/home/spark/tcdbWebsite, execPath=/home/spark/node-v4.4.7-linux-x64/bin/node, version=v4.4.7, argv=[/home/spark/node-v4.4.7-linux-x64/bin/node, /home/spark/tcdbWebsite/app], rss=68395008, heapTotal=54841696, heapUsed=23831848, loadavg=[0.98583984375, 0.87158203125, 0.4892578125], uptime=262752, trace=[column=16, file=vm.js, function=exports.runInThisContext, line=53, method=runInThisContext, native=false, column=25, file=module.js, function=Module._compile, line=373, method=_compile, native=false, column=10, file=module.js, function=Object.Module._extensions..js, line=416, method=Module._extensions..js, native=false, column=32, file=module.js, function=Module.load, line=343, method=load, native=false, column=12, file=module.js, function=Function.Module._load, line=300, method=Module._load, native=false, column=17, file=module.js, function=Module.require, line=353, method=require, native=false, column=17, file=internal/module.js, function=require, line=12, method=null, native=false, column=1, file=/home/spark/tcdbWebsite/app.js, function=, line=44, method=null, native=false, column=26, file=module.js, function=Module._compile, line=409, method=_compile, native=false, column=10, file=module.js, function=Object.Module._extensions..js, line=416, method=Module._extensions..js, native=false, column=32, file=module.js, function=Module.load, line=343, method=load, native=false, column=12, file=module.js, function=Function.Module._load, line=300, method=Module._load, native=false, column=10, file=module.js, function=Function.Module.runMain, line=441, method=Module.runMain, native=false, column=18, file=node.js, function=startup, line=139, method=null, native=false, column=3, file=node.js, function=null, line=968, method=null, native=false], stack=[SyntaxError: missing ) after argument list,     at exports.runInThisContext (vm.js:53:16),     at Module._compile (module.js:373:25),     at Object.Module._extensions..js (module.js:416:10),     at Module.load (module.js:343:32),     at Function.Module._load (module.js:300:12),     at Module.require (module.js:353:17),     at require (internal/module.js:12:17),     at Object.<anonymous> (/home/spark/tcdbWebsite/app.js:44:1),     at Module._compile (module.js:409:26),     at Object.Module._extensions..js (module.js:416:10),     at Module.load (module.js:343:32),     at Function.Module._load (module.js:300:12),     at Function.Module.runMain (module.js:441:10),     at startup (node.js:139:18),     at node.js:968:3]
2018-03-31T07:28:20.483Z - error: uncaughtException: missing ) after argument list date=Sat Mar 31 2018 15:28:20 GMT+0800 (CST), pid=15334, uid=0, gid=0, cwd=/home/spark/tcdbWebsite, execPath=/home/spark/node-v4.4.7-linux-x64/bin/node, version=v4.4.7, argv=[/home/spark/node-v4.4.7-linux-x64/bin/node, /home/spark/tcdbWebsite/app], rss=68521984, heapTotal=53821792, heapUsed=23817816, loadavg=[0.5908203125, 0.38427734375, 0.3837890625], uptime=263320, trace=[column=16, file=vm.js, function=exports.runInThisContext, line=53, method=runInThisContext, native=false, column=25, file=module.js, function=Module._compile, line=373, method=_compile, native=false, column=10, file=module.js, function=Object.Module._extensions..js, line=416, method=Module._extensions..js, native=false, column=32, file=module.js, function=Module.load, line=343, method=load, native=false, column=12, file=module.js, function=Function.Module._load, line=300, method=Module._load, native=false, column=17, file=module.js, function=Module.require, line=353, method=require, native=false, column=17, file=internal/module.js, function=require, line=12, method=null, native=false, column=1, file=/home/spark/tcdbWebsite/app.js, function=, line=44, method=null, native=false, column=26, file=module.js, function=Module._compile, line=409, method=_compile, native=false, column=10, file=module.js, function=Object.Module._extensions..js, line=416, method=Module._extensions..js, native=false, column=32, file=module.js, function=Module.load, line=343, method=load, native=false, column=12, file=module.js, function=Function.Module._load, line=300, method=Module._load, native=false, column=10, file=module.js, function=Function.Module.runMain, line=441, method=Module.runMain, native=false, column=18, file=node.js, function=startup, line=139, method=null, native=false, column=3, file=node.js, function=null, line=968, method=null, native=false], stack=[SyntaxError: missing ) after argument list,     at exports.runInThisContext (vm.js:53:16),     at Module._compile (module.js:373:25),     at Object.Module._extensions..js (module.js:416:10),     at Module.load (module.js:343:32),     at Function.Module._load (module.js:300:12),     at Module.require (module.js:353:17),     at require (internal/module.js:12:17),     at Object.<anonymous> (/home/spark/tcdbWebsite/app.js:44:1),     at Module._compile (module.js:409:26),     at Object.Module._extensions..js (module.js:416:10),     at Module.load (module.js:343:32),     at Function.Module._load (module.js:300:12),     at Function.Module.runMain (module.js:441:10),     at startup (node.js:139:18),     at node.js:968:3]
2018-03-31T07:35:08.553Z - error: uncaughtException: missing ) after argument list date=Sat Mar 31 2018 15:35:08 GMT+0800 (CST), pid=15410, uid=0, gid=0, cwd=/home/spark/tcdbWebsite, execPath=/home/spark/node-v4.4.7-linux-x64/bin/node, version=v4.4.7, argv=[/home/spark/node-v4.4.7-linux-x64/bin/node, /home/spark/tcdbWebsite/app], rss=68571136, heapTotal=53821792, heapUsed=23817832, loadavg=[0.27685546875, 0.314453125, 0.3369140625], uptime=263728, trace=[column=16, file=vm.js, function=exports.runInThisContext, line=53, method=runInThisContext, native=false, column=25, file=module.js, function=Module._compile, line=373, method=_compile, native=false, column=10, file=module.js, function=Object.Module._extensions..js, line=416, method=Module._extensions..js, native=false, column=32, file=module.js, function=Module.load, line=343, method=load, native=false, column=12, file=module.js, function=Function.Module._load, line=300, method=Module._load, native=false, column=17, file=module.js, function=Module.require, line=353, method=require, native=false, column=17, file=internal/module.js, function=require, line=12, method=null, native=false, column=1, file=/home/spark/tcdbWebsite/app.js, function=, line=44, method=null, native=false, column=26, file=module.js, function=Module._compile, line=409, method=_compile, native=false, column=10, file=module.js, function=Object.Module._extensions..js, line=416, method=Module._extensions..js, native=false, column=32, file=module.js, function=Module.load, line=343, method=load, native=false, column=12, file=module.js, function=Function.Module._load, line=300, method=Module._load, native=false, column=10, file=module.js, function=Function.Module.runMain, line=441, method=Module.runMain, native=false, column=18, file=node.js, function=startup, line=139, method=null, native=false, column=3, file=node.js, function=null, line=968, method=null, native=false], stack=[SyntaxError: missing ) after argument list,     at exports.runInThisContext (vm.js:53:16),     at Module._compile (module.js:373:25),     at Object.Module._extensions..js (module.js:416:10),     at Module.load (module.js:343:32),     at Function.Module._load (module.js:300:12),     at Module.require (module.js:353:17),     at require (internal/module.js:12:17),     at Object.<anonymous> (/home/spark/tcdbWebsite/app.js:44:1),     at Module._compile (module.js:409:26),     at Object.Module._extensions..js (module.js:416:10),     at Module.load (module.js:343:32),     at Function.Module._load (module.js:300:12),     at Function.Module.runMain (module.js:441:10),     at startup (node.js:139:18),     at node.js:968:3]
2018-03-31T07:39:10.562Z - error: uncaughtException: Person is not defined date=Sat Mar 31 2018 15:39:10 GMT+0800 (CST), pid=15448, uid=0, gid=0, cwd=/home/spark/tcdbWebsite, execPath=/home/spark/node-v4.4.7-linux-x64/bin/node, version=v4.4.7, argv=[/home/spark/node-v4.4.7-linux-x64/bin/node, /home/spark/tcdbWebsite/app], rss=61329408, heapTotal=56905568, heapUsed=30858968, loadavg=[0.12744140625, 0.2255859375, 0.298828125], uptime=263970, trace=[column=58, file=/home/spark/tcdbWebsite/config/routes.js, function=module.exports, line=59, method=exports, native=false, column=27, file=/home/spark/tcdbWebsite/app.js, function=, line=44, method=null, native=false, column=26, file=module.js, function=Module._compile, line=409, method=_compile, native=false, column=10, file=module.js, function=Object.Module._extensions..js, line=416, method=Module._extensions..js, native=false, column=32, file=module.js, function=Module.load, line=343, method=load, native=false, column=12, file=module.js, function=Function.Module._load, line=300, method=Module._load, native=false, column=10, file=module.js, function=Function.Module.runMain, line=441, method=Module.runMain, native=false, column=18, file=node.js, function=startup, line=139, method=null, native=false, column=3, file=node.js, function=null, line=968, method=null, native=false], stack=[ReferenceError: Person is not defined,     at module.exports (/home/spark/tcdbWebsite/config/routes.js:59:58),     at Object.<anonymous> (/home/spark/tcdbWebsite/app.js:44:27),     at Module._compile (module.js:409:26),     at Object.Module._extensions..js (module.js:416:10),     at Module.load (module.js:343:32),     at Function.Module._load (module.js:300:12),     at Function.Module.runMain (module.js:441:10),     at startup (node.js:139:18),     at node.js:968:3]
2018-03-31T07:41:13.126Z - error: uncaughtException: Cannot find module '../app/controlles/Person' date=Sat Mar 31 2018 15:41:13 GMT+0800 (CST), pid=15484, uid=0, gid=0, cwd=/home/spark/tcdbWebsite, execPath=/home/spark/node-v4.4.7-linux-x64/bin/node, version=v4.4.7, argv=[/home/spark/node-v4.4.7-linux-x64/bin/node, /home/spark/tcdbWebsite/app], rss=66732032, heapTotal=54841696, heapUsed=24802560, loadavg=[0.12109375, 0.17919921875, 0.27294921875], uptime=264092, trace=[column=15, file=module.js, function=Function.Module._resolveFilename, line=325, method=Module._resolveFilename, native=false, column=25, file=module.js, function=Function.Module._load, line=276, method=Module._load, native=false, column=17, file=module.js, function=Module.require, line=353, method=require, native=false, column=17, file=internal/module.js, function=require, line=12, method=null, native=false, column=16, file=/home/spark/tcdbWebsite/config/routes.js, function=, line=3, method=null, native=false, column=26, file=module.js, function=Module._compile, line=409, method=_compile, native=false, column=10, file=module.js, function=Object.Module._extensions..js, line=416, method=Module._extensions..js, native=false, column=32, file=module.js, function=Module.load, line=343, method=load, native=false, column=12, file=module.js, function=Function.Module._load, line=300, method=Module._load, native=false, column=17, file=module.js, function=Module.require, line=353, method=require, native=false, column=17, file=internal/module.js, function=require, line=12, method=null, native=false, column=1, file=/home/spark/tcdbWebsite/app.js, function=, line=44, method=null, native=false, column=26, file=module.js, function=Module._compile, line=409, method=_compile, native=false, column=10, file=module.js, function=Object.Module._extensions..js, line=416, method=Module._extensions..js, native=false, column=32, file=module.js, function=Module.load, line=343, method=load, native=false, column=12, file=module.js, function=Function.Module._load, line=300, method=Module._load, native=false, column=10, file=module.js, function=Function.Module.runMain, line=441, method=Module.runMain, native=false, column=18, file=node.js, function=startup, line=139, method=null, native=false, column=3, file=node.js, function=null, line=968, method=null, native=false], stack=[Error: Cannot find module '../app/controlles/Person',     at Function.Module._resolveFilename (module.js:325:15),     at Function.Module._load (module.js:276:25),     at Module.require (module.js:353:17),     at require (internal/module.js:12:17),     at Object.<anonymous> (/home/spark/tcdbWebsite/config/routes.js:3:16),     at Module._compile (module.js:409:26),     at Object.Module._extensions..js (module.js:416:10),     at Module.load (module.js:343:32),     at Function.Module._load (module.js:300:12),     at Module.require (module.js:353:17),     at require (internal/module.js:12:17),     at Object.<anonymous> (/home/spark/tcdbWebsite/app.js:44:1),     at Module._compile (module.js:409:26),     at Object.Module._extensions..js (module.js:416:10),     at Module.load (module.js:343:32),     at Function.Module._load (module.js:300:12),     at Function.Module.runMain (module.js:441:10),     at startup (node.js:139:18),     at node.js:968:3]
2018-03-31T07:43:24.647Z - error: uncaughtException: Cannot find module '../app/controllers/Person' date=Sat Mar 31 2018 15:43:24 GMT+0800 (CST), pid=15503, uid=0, gid=0, cwd=/home/spark/tcdbWebsite, execPath=/home/spark/node-v4.4.7-linux-x64/bin/node, version=v4.4.7, argv=[/home/spark/node-v4.4.7-linux-x64/bin/node, /home/spark/tcdbWebsite/app], rss=68788224, heapTotal=54841696, heapUsed=24802552, loadavg=[0.068359375, 0.14306640625, 0.24560546875], uptime=264224, trace=[column=15, file=module.js, function=Function.Module._resolveFilename, line=325, method=Module._resolveFilename, native=false, column=25, file=module.js, function=Function.Module._load, line=276, method=Module._load, native=false, column=17, file=module.js, function=Module.require, line=353, method=require, native=false, column=17, file=internal/module.js, function=require, line=12, method=null, native=false, column=16, file=/home/spark/tcdbWebsite/config/routes.js, function=, line=3, method=null, native=false, column=26, file=module.js, function=Module._compile, line=409, method=_compile, native=false, column=10, file=module.js, function=Object.Module._extensions..js, line=416, method=Module._extensions..js, native=false, column=32, file=module.js, function=Module.load, line=343, method=load, native=false, column=12, file=module.js, function=Function.Module._load, line=300, method=Module._load, native=false, column=17, file=module.js, function=Module.require, line=353, method=require, native=false, column=17, file=internal/module.js, function=require, line=12, method=null, native=false, column=1, file=/home/spark/tcdbWebsite/app.js, function=, line=44, method=null, native=false, column=26, file=module.js, function=Module._compile, line=409, method=_compile, native=false, column=10, file=module.js, function=Object.Module._extensions..js, line=416, method=Module._extensions..js, native=false, column=32, file=module.js, function=Module.load, line=343, method=load, native=false, column=12, file=module.js, function=Function.Module._load, line=300, method=Module._load, native=false, column=10, file=module.js, function=Function.Module.runMain, line=441, method=Module.runMain, native=false, column=18, file=node.js, function=startup, line=139, method=null, native=false, column=3, file=node.js, function=null, line=968, method=null, native=false], stack=[Error: Cannot find module '../app/controllers/Person',     at Function.Module._resolveFilename (module.js:325:15),     at Function.Module._load (module.js:276:25),     at Module.require (module.js:353:17),     at require (internal/module.js:12:17),     at Object.<anonymous> (/home/spark/tcdbWebsite/config/routes.js:3:16),     at Module._compile (module.js:409:26),     at Object.Module._extensions..js (module.js:416:10),     at Module.load (module.js:343:32),     at Function.Module._load (module.js:300:12),     at Module.require (module.js:353:17),     at require (internal/module.js:12:17),     at Object.<anonymous> (/home/spark/tcdbWebsite/app.js:44:1),     at Module._compile (module.js:409:26),     at Object.Module._extensions..js (module.js:416:10),     at Module.load (module.js:343:32),     at Function.Module._load (module.js:300:12),     at Function.Module.runMain (module.js:441:10),     at startup (node.js:139:18),     at node.js:968:3]
2018-03-31T07:45:10.429Z - error: uncaughtException: requre is not defined date=Sat Mar 31 2018 15:45:10 GMT+0800 (CST), pid=15523, uid=0, gid=0, cwd=/home/spark/tcdbWebsite, execPath=/home/spark/node-v4.4.7-linux-x64/bin/node, version=v4.4.7, argv=[/home/spark/node-v4.4.7-linux-x64/bin/node, /home/spark/tcdbWebsite/app], rss=68796416, heapTotal=54841696, heapUsed=24821888, loadavg=[0.19580078125, 0.1484375, 0.23291015625], uptime=264330, trace=[column=78, file=/home/spark/tcdbWebsite/app/controllers/person.js, function=, line=1, method=null, native=false, column=26, file=module.js, function=Module._compile, line=409, method=_compile, native=false, column=10, file=module.js, function=Object.Module._extensions..js, line=416, method=Module._extensions..js, native=false, column=32, file=module.js, function=Module.load, line=343, method=load, native=false, column=12, file=module.js, function=Function.Module._load, line=300, method=Module._load, native=false, column=17, file=module.js, function=Module.require, line=353, method=require, native=false, column=17, file=internal/module.js, function=require, line=12, method=null, native=false, column=16, file=/home/spark/tcdbWebsite/config/routes.js, function=, line=3, method=null, native=false, column=26, file=module.js, function=Module._compile, line=409, method=_compile, native=false, column=10, file=module.js, function=Object.Module._extensions..js, line=416, method=Module._extensions..js, native=false, column=32, file=module.js, function=Module.load, line=343, method=load, native=false, column=12, file=module.js, function=Function.Module._load, line=300, method=Module._load, native=false, column=17, file=module.js, function=Module.require, line=353, method=require, native=false, column=17, file=internal/module.js, function=require, line=12, method=null, native=false, column=1, file=/home/spark/tcdbWebsite/app.js, function=, line=44, method=null, native=false, column=26, file=module.js, function=Module._compile, line=409, method=_compile, native=false, column=10, file=module.js, function=Object.Module._extensions..js, line=416, method=Module._extensions..js, native=false, column=32, file=module.js, function=Module.load, line=343, method=load, native=false, column=12, file=module.js, function=Function.Module._load, line=300, method=Module._load, native=false, column=10, file=module.js, function=Function.Module.runMain, line=441, method=Module.runMain, native=false, column=18, file=node.js, function=startup, line=139, method=null, native=false, column=3, file=node.js, function=null, line=968, method=null, native=false], stack=[ReferenceError: requre is not defined,     at Object.<anonymous> (/home/spark/tcdbWebsite/app/controllers/person.js:1:78),     at Module._compile (module.js:409:26),     at Object.Module._extensions..js (module.js:416:10),     at Module.load (module.js:343:32),     at Function.Module._load (module.js:300:12),     at Module.require (module.js:353:17),     at require (internal/module.js:12:17),     at Object.<anonymous> (/home/spark/tcdbWebsite/config/routes.js:3:16),     at Module._compile (module.js:409:26),     at Object.Module._extensions..js (module.js:416:10),     at Module.load (module.js:343:32),     at Function.Module._load (module.js:300:12),     at Module.require (module.js:353:17),     at require (internal/module.js:12:17),     at Object.<anonymous> (/home/spark/tcdbWebsite/app.js:44:1),     at Module._compile (module.js:409:26),     at Object.Module._extensions..js (module.js:416:10),     at Module.load (module.js:343:32),     at Function.Module._load (module.js:300:12),     at Function.Module.runMain (module.js:441:10),     at startup (node.js:139:18),     at node.js:968:3]
2018-03-31T07:46:25.496Z - error: uncaughtException: mongoose is not defined date=Sat Mar 31 2018 15:46:25 GMT+0800 (CST), pid=15544, uid=0, gid=0, cwd=/home/spark/tcdbWebsite, execPath=/home/spark/node-v4.4.7-linux-x64/bin/node, version=v4.4.7, argv=[/home/spark/node-v4.4.7-linux-x64/bin/node, /home/spark/tcdbWebsite/app], rss=68804608, heapTotal=54841696, heapUsed=24871768, loadavg=[0.05615234375, 0.11572265625, 0.21630859375], uptime=264405, trace=[column=24, file=/home/spark/tcdbWebsite/app/schemas/person.js, function=, line=4, method=null, native=false, column=26, file=module.js, function=Module._compile, line=409, method=_compile, native=false, column=10, file=module.js, function=Object.Module._extensions..js, line=416, method=Module._extensions..js, native=false, column=32, file=module.js, function=Module.load, line=343, method=load, native=false, column=12, file=module.js, function=Function.Module._load, line=300, method=Module._load, native=false, column=17, file=module.js, function=Module.require, line=353, method=require, native=false, column=17, file=internal/module.js, function=require, line=12, method=null, native=false, column=22, file=/home/spark/tcdbWebsite/app/models/person.js, function=, line=2, method=null, native=false, column=26, file=module.js, function=Module._compile, line=409, method=_compile, native=false, column=10, file=module.js, function=Object.Module._extensions..js, line=416, method=Module._extensions..js, native=false, column=32, file=module.js, function=Module.load, line=343, method=load, native=false, column=12, file=module.js, function=Function.Module._load, line=300, method=Module._load, native=false, column=17, file=module.js, function=Module.require, line=353, method=require, native=false, column=17, file=internal/module.js, function=require, line=12, method=null, native=false, column=16, file=/home/spark/tcdbWebsite/app/controllers/person.js, function=, line=2, method=null, native=false, column=26, file=module.js, function=Module._compile, line=409, method=_compile, native=false, column=10, file=module.js, function=Object.Module._extensions..js, line=416, method=Module._extensions..js, native=false, column=32, file=module.js, function=Module.load, line=343, method=load, native=false, column=12, file=module.js, function=Function.Module._load, line=300, method=Module._load, native=false, column=17, file=module.js, function=Module.require, line=353, method=require, native=false, column=17, file=internal/module.js, function=require, line=12, method=null, native=false, column=16, file=/home/spark/tcdbWebsite/config/routes.js, function=, line=3, method=null, native=false], stack=[ReferenceError: mongoose is not defined,     at Object.<anonymous> (/home/spark/tcdbWebsite/app/schemas/person.js:4:24),     at Module._compile (module.js:409:26),     at Object.Module._extensions..js (module.js:416:10),     at Module.load (module.js:343:32),     at Function.Module._load (module.js:300:12),     at Module.require (module.js:353:17),     at require (internal/module.js:12:17),     at Object.<anonymous> (/home/spark/tcdbWebsite/app/models/person.js:2:22),     at Module._compile (module.js:409:26),     at Object.Module._extensions..js (module.js:416:10),     at Module.load (module.js:343:32),     at Function.Module._load (module.js:300:12),     at Module.require (module.js:353:17),     at require (internal/module.js:12:17),     at Object.<anonymous> (/home/spark/tcdbWebsite/app/controllers/person.js:2:16),     at Module._compile (module.js:409:26),     at Object.Module._extensions..js (module.js:416:10),     at Module.load (module.js:343:32),     at Function.Module._load (module.js:300:12),     at Module.require (module.js:353:17),     at require (internal/module.js:12:17),     at Object.<anonymous> (/home/spark/tcdbWebsite/config/routes.js:3:16)]
2018-03-31T07:48:37.621Z - error: uncaughtException: mongoose is not defined date=Sat Mar 31 2018 15:48:37 GMT+0800 (CST), pid=15557, uid=0, gid=0, cwd=/home/spark/tcdbWebsite, execPath=/home/spark/node-v4.4.7-linux-x64/bin/node, version=v4.4.7, argv=[/home/spark/node-v4.4.7-linux-x64/bin/node, /home/spark/tcdbWebsite/app], rss=70893568, heapTotal=54841696, heapUsed=24871984, loadavg=[0.32666015625, 0.13916015625, 0.21142578125], uptime=264537, trace=[column=24, file=/home/spark/tcdbWebsite/app/schemas/person.js, function=, line=4, method=null, native=false, column=26, file=module.js, function=Module._compile, line=409, method=_compile, native=false, column=10, file=module.js, function=Object.Module._extensions..js, line=416, method=Module._extensions..js, native=false, column=32, file=module.js, function=Module.load, line=343, method=load, native=false, column=12, file=module.js, function=Function.Module._load, line=300, method=Module._load, native=false, column=17, file=module.js, function=Module.require, line=353, method=require, native=false, column=17, file=internal/module.js, function=require, line=12, method=null, native=false, column=22, file=/home/spark/tcdbWebsite/app/models/person.js, function=, line=2, method=null, native=false, column=26, file=module.js, function=Module._compile, line=409, method=_compile, native=false, column=10, file=module.js, function=Object.Module._extensions..js, line=416, method=Module._extensions..js, native=false, column=32, file=module.js, function=Module.load, line=343, method=load, native=false, column=12, file=module.js, function=Function.Module._load, line=300, method=Module._load, native=false, column=17, file=module.js, function=Module.require, line=353, method=require, native=false, column=17, file=internal/module.js, function=require, line=12, method=null, native=false, column=16, file=/home/spark/tcdbWebsite/app/controllers/person.js, function=, line=2, method=null, native=false, column=26, file=module.js, function=Module._compile, line=409, method=_compile, native=false, column=10, file=module.js, function=Object.Module._extensions..js, line=416, method=Module._extensions..js, native=false, column=32, file=module.js, function=Module.load, line=343, method=load, native=false, column=12, file=module.js, function=Function.Module._load, line=300, method=Module._load, native=false, column=17, file=module.js, function=Module.require, line=353, method=require, native=false, column=17, file=internal/module.js, function=require, line=12, method=null, native=false, column=16, file=/home/spark/tcdbWebsite/config/routes.js, function=, line=3, method=null, native=false], stack=[ReferenceError: mongoose is not defined,     at Object.<anonymous> (/home/spark/tcdbWebsite/app/schemas/person.js:4:24),     at Module._compile (module.js:409:26),     at Object.Module._extensions..js (module.js:416:10),     at Module.load (module.js:343:32),     at Function.Module._load (module.js:300:12),     at Module.require (module.js:353:17),     at require (internal/module.js:12:17),     at Object.<anonymous> (/home/spark/tcdbWebsite/app/models/person.js:2:22),     at Module._compile (module.js:409:26),     at Object.Module._extensions..js (module.js:416:10),     at Module.load (module.js:343:32),     at Function.Module._load (module.js:300:12),     at Module.require (module.js:353:17),     at require (internal/module.js:12:17),     at Object.<anonymous> (/home/spark/tcdbWebsite/app/controllers/person.js:2:16),     at Module._compile (module.js:409:26),     at Object.Module._extensions..js (module.js:416:10),     at Module.load (module.js:343:32),     at Function.Module._load (module.js:300:12),     at Module.require (module.js:353:17),     at require (internal/module.js:12:17),     at Object.<anonymous> (/home/spark/tcdbWebsite/config/routes.js:3:16)]
2018-03-31T07:50:54.525Z - error: uncaughtException: mongoose.schema is not a function date=Sat Mar 31 2018 15:50:54 GMT+0800 (CST), pid=15599, uid=0, gid=0, cwd=/home/spark/tcdbWebsite, execPath=/home/spark/node-v4.4.7-linux-x64/bin/node, version=v4.4.7, argv=[/home/spark/node-v4.4.7-linux-x64/bin/node, /home/spark/tcdbWebsite/app], rss=68816896, heapTotal=54841696, heapUsed=24863104, loadavg=[0.23876953125, 0.1494140625, 0.20654296875], uptime=264674, trace=[column=20, file=/home/spark/tcdbWebsite/app/schemas/person.js, function=, line=4, method=null, native=false, column=26, file=module.js, function=Module._compile, line=409, method=_compile, native=false, column=10, file=module.js, function=Object.Module._extensions..js, line=416, method=Module._extensions..js, native=false, column=32, file=module.js, function=Module.load, line=343, method=load, native=false, column=12, file=module.js, function=Function.Module._load, line=300, method=Module._load, native=false, column=17, file=module.js, function=Module.require, line=353, method=require, native=false, column=17, file=internal/module.js, function=require, line=12, method=null, native=false, column=22, file=/home/spark/tcdbWebsite/app/models/person.js, function=, line=2, method=null, native=false, column=26, file=module.js, function=Module._compile, line=409, method=_compile, native=false, column=10, file=module.js, function=Object.Module._extensions..js, line=416, method=Module._extensions..js, native=false, column=32, file=module.js, function=Module.load, line=343, method=load, native=false, column=12, file=module.js, function=Function.Module._load, line=300, method=Module._load, native=false, column=17, file=module.js, function=Module.require, line=353, method=require, native=false, column=17, file=internal/module.js, function=require, line=12, method=null, native=false, column=16, file=/home/spark/tcdbWebsite/app/controllers/person.js, function=, line=2, method=null, native=false, column=26, file=module.js, function=Module._compile, line=409, method=_compile, native=false, column=10, file=module.js, function=Object.Module._extensions..js, line=416, method=Module._extensions..js, native=false, column=32, file=module.js, function=Module.load, line=343, method=load, native=false, column=12, file=module.js, function=Function.Module._load, line=300, method=Module._load, native=false, column=17, file=module.js, function=Module.require, line=353, method=require, native=false, column=17, file=internal/module.js, function=require, line=12, method=null, native=false, column=16, file=/home/spark/tcdbWebsite/config/routes.js, function=, line=3, method=null, native=false], stack=[TypeError: mongoose.schema is not a function,     at Object.<anonymous> (/home/spark/tcdbWebsite/app/schemas/person.js:4:20),     at Module._compile (module.js:409:26),     at Object.Module._extensions..js (module.js:416:10),     at Module.load (module.js:343:32),     at Function.Module._load (module.js:300:12),     at Module.require (module.js:353:17),     at require (internal/module.js:12:17),     at Object.<anonymous> (/home/spark/tcdbWebsite/app/models/person.js:2:22),     at Module._compile (module.js:409:26),     at Object.Module._extensions..js (module.js:416:10),     at Module.load (module.js:343:32),     at Function.Module._load (module.js:300:12),     at Module.require (module.js:353:17),     at require (internal/module.js:12:17),     at Object.<anonymous> (/home/spark/tcdbWebsite/app/controllers/person.js:2:16),     at Module._compile (module.js:409:26),     at Object.Module._extensions..js (module.js:416:10),     at Module.load (module.js:343:32),     at Function.Module._load (module.js:300:12),     at Module.require (module.js:353:17),     at require (internal/module.js:12:17),     at Object.<anonymous> (/home/spark/tcdbWebsite/config/routes.js:3:16)]
2018-03-31T07:52:46.169Z - error: uncaughtException: Cannot read property 'delete' of undefined date=Sat Mar 31 2018 15:52:46 GMT+0800 (CST), pid=15614, uid=0, gid=0, cwd=/home/spark/tcdbWebsite, execPath=/home/spark/node-v4.4.7-linux-x64/bin/node, version=v4.4.7, argv=[/home/spark/node-v4.4.7-linux-x64/bin/node, /home/spark/tcdbWebsite/app], rss=71798784, heapTotal=56905568, heapUsed=31025472, loadavg=[0.0380859375, 0.10302734375, 0.18505859375], uptime=264786, trace=[column=67, file=/home/spark/tcdbWebsite/config/routes.js, function=module.exports, line=64, method=exports, native=false, column=27, file=/home/spark/tcdbWebsite/app.js, function=, line=44, method=null, native=false, column=26, file=module.js, function=Module._compile, line=409, method=_compile, native=false, column=10, file=module.js, function=Object.Module._extensions..js, line=416, method=Module._extensions..js, native=false, column=32, file=module.js, function=Module.load, line=343, method=load, native=false, column=12, file=module.js, function=Function.Module._load, line=300, method=Module._load, native=false, column=10, file=module.js, function=Function.Module.runMain, line=441, method=Module.runMain, native=false, column=18, file=node.js, function=startup, line=139, method=null, native=false, column=3, file=node.js, function=null, line=968, method=null, native=false], stack=[TypeError: Cannot read property 'delete' of undefined,     at module.exports (/home/spark/tcdbWebsite/config/routes.js:64:67),     at Object.<anonymous> (/home/spark/tcdbWebsite/app.js:44:27),     at Module._compile (module.js:409:26),     at Object.Module._extensions..js (module.js:416:10),     at Module.load (module.js:343:32),     at Function.Module._load (module.js:300:12),     at Function.Module.runMain (module.js:441:10),     at startup (node.js:139:18),     at node.js:968:3]
